[0114/115824.986:ERROR:process_memory_win.cc(73)] ReadMemory at 0x17d552b3960 of 72 bytes failed: Seule une partie d’une requête ReadProcessMemory ou WriteProcessMemory a été effectuée. (0x12B)
[0114/115824.987:WARNING:pe_image_annotations_reader.cc(134)] could not read annotations list object in C:\Program Files (x86)\Google\Chrome\Application\79.0.3945.117\chrome_elf.dll
[0114/115824.987:ERROR:process_memory_win.cc(73)] ReadMemory at 0x17d55154e30 of 72 bytes failed: Seule une partie d’une requête ReadProcessMemory ou WriteProcessMemory a été effectuée. (0x12B)
[0114/115824.988:WARNING:pe_image_annotations_reader.cc(134)] could not read annotations list object in C:\Program Files (x86)\Google\Chrome\Application\79.0.3945.117\chrome_child.dll
[0114/115825.053:ERROR:process_memory_win.cc(73)] ReadMemory at 0x7ff7eac00000 of 64 bytes failed: Seule une partie d’une requête ReadProcessMemory ou WriteProcessMemory a été effectuée. (0x12B)
[0114/115825.054:WARNING:pe_image_reader.cc(340)] could not read dos header from C:\Program Files (x86)\Google\Chrome\Application\chrome.exe
[0114/115825.054:ERROR:process_memory_win.cc(73)] ReadMemory at 0x7ff9f9cc0000 of 64 bytes failed: Seule une partie d’une requête ReadProcessMemory ou WriteProcessMemory a été effectuée. (0x12B)
[0114/115825.054:WARNING:pe_image_reader.cc(340)] could not read dos header from C:\WINDOWS\SYSTEM32\ntdll.dll
[0114/115825.054:ERROR:process_memory_win.cc(73)] ReadMemory at 0x7ff9f7570000 of 64 bytes failed: Seule une partie d’une requête ReadProcessMemory ou WriteProcessMemory a été effectuée. (0x12B)
[0114/115825.054:WARNING:pe_image_reader.cc(340)] could not read dos header from C:\WINDOWS\System32\KERNEL32.DLL
[0114/115825.054:ERROR:process_memory_win.cc(73)] ReadMemory at 0x7ff9f6a70000 of 64 bytes failed: Seule une partie d’une requête ReadProcessMemory ou WriteProcessMemory a été effectuée. (0x12B)
[0114/115825.054:WARNING:pe_image_reader.cc(340)] could not read dos header from C:\WINDOWS\System32\KERNELBASE.dll
[0114/115825.054:ERROR:process_memory_win.cc(73)] ReadMemory at 0x7ff9e32e0000 of 64 bytes failed: Seule une partie d’une requête ReadProcessMemory ou WriteProcessMemory a été effectuée. (0x12B)
[0114/115825.054:WARNING:pe_image_reader.cc(340)] could not read dos header from C:\Program Files (x86)\Google\Chrome\Application\79.0.3945.117\chrome_elf.dll
[0114/115825.054:ERROR:process_memory_win.cc(73)] ReadMemory at 0x7ff9f1240000 of 64 bytes failed: Seule une partie d’une requête ReadProcessMemory ou WriteProcessMemory a été effectuée. (0x12B)
[0114/115825.054:WARNING:pe_image_reader.cc(340)] could not read dos header from C:\WINDOWS\SYSTEM32\VERSION.dll
[0114/115825.054:ERROR:process_memory_win.cc(73)] ReadMemory at 0x7ff9f9300000 of 64 bytes failed: Seule une partie d’une requête ReadProcessMemory ou WriteProcessMemory a été effectuée. (0x12B)
[0114/115825.054:WARNING:pe_image_reader.cc(340)] could not read dos header from C:\WINDOWS\System32\msvcrt.dll
[0114/115825.054:ERROR:process_memory_win.cc(73)] ReadMemory at 0x7ff9f6980000 of 64 bytes failed: Seule une partie d’une requête ReadProcessMemory ou WriteProcessMemory a été effectuée. (0x12B)
[0114/115825.054:WARNING:pe_image_reader.cc(340)] could not read dos header from C:\WINDOWS\System32\bcryptPrimitives.dll
[0114/115825.054:ERROR:process_memory_win.cc(73)] ReadMemory at 0x7ff9f93a0000 of 64 bytes failed: Seule une partie d’une requête ReadProcessMemory ou WriteProcessMemory a été effectuée. (0x12B)
[0114/115825.054:WARNING:pe_image_reader.cc(340)] could not read dos header from C:\WINDOWS\System32\ADVAPI32.dll
[0114/115825.054:ERROR:process_memory_win.cc(73)] ReadMemory at 0x7ff9f9250000 of 64 bytes failed: Seule une partie d’une requête ReadProcessMemory ou WriteProcessMemory a été effectuée. (0x12B)
[0114/115825.054:WARNING:pe_image_reader.cc(340)] could not read dos header from C:\WINDOWS\System32\sechost.dll
[0114/115825.054:ERROR:process_memory_win.cc(73)] ReadMemory at 0x7ff9f73b0000 of 64 bytes failed: Seule une partie d’une requête ReadProcessMemory ou WriteProcessMemory a été effectuée. (0x12B)
[0114/115825.054:WARNING:pe_image_reader.cc(340)] could not read dos header from C:\WINDOWS\System32\RPCRT4.dll
[0114/115825.054:ERROR:process_memory_win.cc(73)] ReadMemory at 0x7ff99d330000 of 64 bytes failed: Seule une partie d’une requête ReadProcessMemory ou WriteProcessMemory a été effectuée. (0x12B)
[0114/115825.054:WARNING:pe_image_reader.cc(340)] could not read dos header from C:\Program Files (x86)\Google\Chrome\Application\79.0.3945.117\chrome_child.dll
[0114/115825.054:ERROR:process_memory_win.cc(73)] ReadMemory at 0x7ff9f7b70000 of 64 bytes failed: Seule une partie d’une requête ReadProcessMemory ou WriteProcessMemory a été effectuée. (0x12B)
[0114/115825.054:WARNING:pe_image_reader.cc(340)] could not read dos header from C:\WINDOWS\System32\OLEAUT32.dll
[0114/115825.054:ERROR:process_memory_win.cc(73)] ReadMemory at 0x7ff9f6d10000 of 64 bytes failed: Seule une partie d’une requête ReadProcessMemory ou WriteProcessMemory a été effectuée. (0x12B)
[0114/115825.054:WARNING:pe_image_reader.cc(340)] could not read dos header from C:\WINDOWS\System32\msvcp_win.dll
[0114/115825.054:ERROR:process_memory_win.cc(73)] ReadMemory at 0x7ff9f6db0000 of 64 bytes failed: Seule une partie d’une requête ReadProcessMemory ou WriteProcessMemory a été effectuée. (0x12B)
[0114/115825.055:WARNING:pe_image_reader.cc(340)] could not read dos header from C:\WINDOWS\System32\ucrtbase.dll
[0114/115825.055:ERROR:process_memory_win.cc(73)] ReadMemory at 0x7ff9f94b0000 of 64 bytes failed: Seule une partie d’une requête ReadProcessMemory ou WriteProcessMemory a été effectuée. (0x12B)
[0114/115825.055:WARNING:pe_image_reader.cc(340)] could not read dos header from C:\WINDOWS\System32\combase.dll
[0114/115825.055:ERROR:process_memory_win.cc(73)] ReadMemory at 0x7ff9f7cb0000 of 64 bytes failed: Seule une partie d’une requête ReadProcessMemory ou WriteProcessMemory a été effectuée. (0x12B)
[0114/115825.055:WARNING:pe_image_reader.cc(340)] could not read dos header from C:\WINDOWS\System32\WS2_32.dll
[0114/115825.055:ERROR:process_memory_win.cc(73)] ReadMemory at 0x7ff9f6920000 of 64 bytes failed: Seule une partie d’une requête ReadProcessMemory ou WriteProcessMemory a été effectuée. (0x12B)
[0114/115825.055:WARNING:pe_image_reader.cc(340)] could not read dos header from C:\WINDOWS\System32\WINTRUST.dll
[0114/115825.055:ERROR:process_memory_win.cc(73)] ReadMemory at 0x7ff9f5d60000 of 64 bytes failed: Seule une partie d’une requête ReadProcessMemory ou WriteProcessMemory a été effectuée. (0x12B)
[0114/115825.055:WARNING:pe_image_reader.cc(340)] could not read dos header from C:\WINDOWS\System32\MSASN1.dll
[0114/115825.055:ERROR:process_memory_win.cc(73)] ReadMemory at 0x7ff9f5da0000 of 64 bytes failed: Seule une partie d’une requête ReadProcessMemory ou WriteProcessMemory a été effectuée. (0x12B)
[0114/115825.055:WARNING:pe_image_reader.cc(340)] could not read dos header from C:\WINDOWS\System32\CRYPT32.dll
[0114/115825.055:ERROR:process_memory_win.cc(73)] ReadMemory at 0x7ff9f5240000 of 64 bytes failed: Seule une partie d’une requête ReadProcessMemory ou WriteProcessMemory a été effectuée. (0x12B)
[0114/115825.055:WARNING:pe_image_reader.cc(340)] could not read dos header from C:\WINDOWS\SYSTEM32\IPHLPAPI.DLL
[0114/115825.055:ERROR:process_memory_win.cc(73)] ReadMemory at 0x7ff9ec6a0000 of 64 bytes failed: Seule une partie d’une requête ReadProcessMemory ou WriteProcessMemory a été effectuée. (0x12B)
[0114/115825.055:WARNING:pe_image_reader.cc(340)] could not read dos header from C:\WINDOWS\SYSTEM32\WINMM.dll
[0114/115825.055:ERROR:process_memory_win.cc(73)] ReadMemory at 0x7ff9f5be0000 of 64 bytes failed: Seule une partie d’une requête ReadProcessMemory ou WriteProcessMemory a été effectuée. (0x12B)
[0114/115825.055:WARNING:pe_image_reader.cc(340)] could not read dos header from C:\WINDOWS\SYSTEM32\USERENV.dll
[0114/115825.055:ERROR:process_memory_win.cc(73)] ReadMemory at 0x7ff9f5d30000 of 64 bytes failed: Seule une partie d’une requête ReadProcessMemory ou WriteProcessMemory a été effectuée. (0x12B)
[0114/115825.055:WARNING:pe_image_reader.cc(340)] could not read dos header from C:\WINDOWS\System32\profapi.dll
[0114/115825.055:ERROR:process_memory_win.cc(73)] ReadMemory at 0x7ff9e1580000 of 64 bytes failed: Seule une partie d’une requête ReadProcessMemory ou WriteProcessMemory a été effectuée. (0x12B)
[0114/115825.055:WARNING:pe_image_reader.cc(340)] could not read dos header from C:\WINDOWS\SYSTEM32\DWrite.dll
[0114/115825.055:ERROR:process_memory_win.cc(73)] ReadMemory at 0x7ff9e9a00000 of 64 bytes failed: Seule une partie d’une requête ReadProcessMemory ou WriteProcessMemory a été effectuée. (0x12B)
[0114/115825.055:WARNING:pe_image_reader.cc(340)] could not read dos header from C:\WINDOWS\SYSTEM32\WINSPOOL.DRV
[0114/115825.055:ERROR:process_memory_win.cc(73)] ReadMemory at 0x7ff9f5cb0000 of 64 bytes failed: Seule une partie d’une requête ReadProcessMemory ou WriteProcessMemory a été effectuée. (0x12B)
[0114/115825.055:WARNING:pe_image_reader.cc(340)] could not read dos header from C:\WINDOWS\System32\kernel.appcore.dll
[0114/115825.055:ERROR:process_memory_win.cc(73)] ReadMemory at 0x7ff9f6eb0000 of 64 bytes failed: Seule une partie d’une requête ReadProcessMemory ou WriteProcessMemory a été effectuée. (0x12B)
[0114/115825.055:WARNING:pe_image_reader.cc(340)] could not read dos header from C:\WINDOWS\System32\bcrypt.dll
[0114/115825.055:ERROR:process_memory_win.cc(73)] ReadMemory at 0x7ff9ef3b0000 of 64 bytes failed: Seule une partie d’une requête ReadProcessMemory ou WriteProcessMemory a été effectuée. (0x12B)
[0114/115825.056:WARNING:pe_image_reader.cc(340)] could not read dos header from C:\WINDOWS\SYSTEM32\dbghelp.dll
[0114/115825.056:ERROR:process_memory_win.cc(73)] ReadMemory at 0x7ff9ea6a0000 of 64 bytes failed: Seule une partie d’une requête ReadProcessMemory ou WriteProcessMemory a été effectuée. (0x12B)
[0114/115825.056:WARNING:pe_image_reader.cc(340)] could not read dos header from C:\WINDOWS\SYSTEM32\Secur32.dll
[0114/115825.056:ERROR:process_memory_win.cc(73)] ReadMemory at 0x7ff9ec310000 of 64 bytes failed: Seule une partie d’une requête ReadProcessMemory ou WriteProcessMemory a été effectuée. (0x12B)
[0114/115825.056:WARNING:pe_image_reader.cc(340)] could not read dos header from C:\WINDOWS\SYSTEM32\WINHTTP.dll
[0114/115825.056:ERROR:process_memory_win.cc(73)] ReadMemory at 0x7ff9f0a20000 of 64 bytes failed: Seule une partie d’une requête ReadProcessMemory ou WriteProcessMemory a été effectuée. (0x12B)
[0114/115825.056:WARNING:pe_image_reader.cc(340)] could not read dos header from C:\WINDOWS\SYSTEM32\dhcpcsvc.DLL
[0114/115825.056:ERROR:process_memory_win.cc(73)] ReadMemory at 0x7ff9f7ca0000 of 64 bytes failed: Seule une partie d’une requête ReadProcessMemory ou WriteProcessMemory a été effectuée. (0x12B)
[0114/115825.056:WARNING:pe_image_reader.cc(340)] could not read dos header from C:\WINDOWS\System32\NSI.dll
[0114/115825.056:ERROR:process_memory_win.cc(73)] ReadMemory at 0x7ff9eb7c0000 of 64 bytes failed: Seule une partie d’une requête ReadProcessMemory ou WriteProcessMemory a été effectuée. (0x12B)
[0114/115825.056:WARNING:pe_image_reader.cc(340)] could not read dos header from C:\WINDOWS\SYSTEM32\WINMMBASE.dll
[0114/115825.056:ERROR:process_memory_win.cc(73)] ReadMemory at 0x7ff9f6a20000 of 64 bytes failed: Seule une partie d’une requête ReadProcessMemory ou WriteProcessMemory a été effectuée. (0x12B)
[0114/115825.056:WARNING:pe_image_reader.cc(340)] could not read dos header from C:\WINDOWS\System32\cfgmgr32.dll
[0114/115825.056:ERROR:process_memory_win.cc(73)] ReadMemory at 0x7ff9f27d0000 of 64 bytes failed: Seule une partie d’une requête ReadProcessMemory ou WriteProcessMemory a été effectuée. (0x12B)
[0114/115825.056:WARNING:pe_image_reader.cc(340)] could not read dos header from C:\WINDOWS\SYSTEM32\PROPSYS.dll
[0114/115825.056:ERROR:process_memory_win.cc(73)] ReadMemory at 0x7ff9f7100000 of 64 bytes failed: Seule une partie d’une requête ReadProcessMemory ou WriteProcessMemory a été effectuée. (0x12B)
[0114/115825.056:WARNING:pe_image_reader.cc(340)] could not read dos header from C:\WINDOWS\System32\shcore.dll
[0114/115825.056:ERROR:process_memory_win.cc(73)] ReadMemory at 0x7ff9f5bb0000 of 64 bytes failed: Seule une partie d’une requête ReadProcessMemory ou WriteProcessMemory a été effectuée. (0x12B)
[0114/115825.056:WARNING:pe_image_reader.cc(340)] could not read dos header from C:\WINDOWS\SYSTEM32\SSPICLI.DLL
[0114/115825.056:ERROR:process_memory_win.cc(73)] ReadMemory at 0x7ff9f56f0000 of 64 bytes failed: Seule une partie d’une requête ReadProcessMemory ou WriteProcessMemory a été effectuée. (0x12B)
[0114/115825.056:WARNING:pe_image_reader.cc(340)] could not read dos header from C:\WINDOWS\SYSTEM32\CRYPTBASE.DLL
[0114/115825.056:ERROR:process_memory_win.cc(73)] ReadMemory at 0x7ff7eac00000 of 64 bytes failed: Seule une partie d’une requête ReadProcessMemory ou WriteProcessMemory a été effectuée. (0x12B)
[0114/115825.056:WARNING:pe_image_reader.cc(340)] could not read dos header from C:\Program Files (x86)\Google\Chrome\Application\chrome.exe
[0114/115825.056:ERROR:process_memory_win.cc(73)] ReadMemory at 0x7ff9f9cc0000 of 64 bytes failed: Seule une partie d’une requête ReadProcessMemory ou WriteProcessMemory a été effectuée. (0x12B)
[0114/115825.056:WARNING:pe_image_reader.cc(340)] could not read dos header from C:\WINDOWS\SYSTEM32\ntdll.dll
[0114/115825.056:ERROR:process_memory_win.cc(73)] ReadMemory at 0x7ff9f7570000 of 64 bytes failed: Seule une partie d’une requête ReadProcessMemory ou WriteProcessMemory a été effectuée. (0x12B)
[0114/115825.056:WARNING:pe_image_reader.cc(340)] could not read dos header from C:\WINDOWS\System32\KERNEL32.DLL
[0114/115825.056:ERROR:process_memory_win.cc(73)] ReadMemory at 0x7ff9f6a70000 of 64 bytes failed: Seule une partie d’une requête ReadProcessMemory ou WriteProcessMemory a été effectuée. (0x12B)
[0114/115825.056:WARNING:pe_image_reader.cc(340)] could not read dos header from C:\WINDOWS\System32\KERNELBASE.dll
[0114/115825.056:ERROR:process_memory_win.cc(73)] ReadMemory at 0x7ff9e32e0000 of 64 bytes failed: Seule une partie d’une requête ReadProcessMemory ou WriteProcessMemory a été effectuée. (0x12B)
[0114/115825.056:WARNING:pe_image_reader.cc(340)] could not read dos header from C:\Program Files (x86)\Google\Chrome\Application\79.0.3945.117\chrome_elf.dll
[0114/115825.056:ERROR:process_memory_win.cc(73)] ReadMemory at 0x7ff9f1240000 of 64 bytes failed: Seule une partie d’une requête ReadProcessMemory ou WriteProcessMemory a été effectuée. (0x12B)
[0114/115825.056:WARNING:pe_image_reader.cc(340)] could not read dos header from C:\WINDOWS\SYSTEM32\VERSION.dll
[0114/115825.056:ERROR:process_memory_win.cc(73)] ReadMemory at 0x7ff9f9300000 of 64 bytes failed: Seule une partie d’une requête ReadProcessMemory ou WriteProcessMemory a été effectuée. (0x12B)
[0114/115825.056:WARNING:pe_image_reader.cc(340)] could not read dos header from C:\WINDOWS\System32\msvcrt.dll
[0114/115825.056:ERROR:process_memory_win.cc(73)] ReadMemory at 0x7ff9f6980000 of 64 bytes failed: Seule une partie d’une requête ReadProcessMemory ou WriteProcessMemory a été effectuée. (0x12B)
[0114/115825.056:WARNING:pe_image_reader.cc(340)] could not read dos header from C:\WINDOWS\System32\bcryptPrimitives.dll
[0114/115825.056:ERROR:process_memory_win.cc(73)] ReadMemory at 0x7ff9f93a0000 of 64 bytes failed: Seule une partie d’une requête ReadProcessMemory ou WriteProcessMemory a été effectuée. (0x12B)
[0114/115825.056:WARNING:pe_image_reader.cc(340)] could not read dos header from C:\WINDOWS\System32\ADVAPI32.dll
[0114/115825.057:ERROR:process_memory_win.cc(73)] ReadMemory at 0x7ff9f9250000 of 64 bytes failed: Seule une partie d’une requête ReadProcessMemory ou WriteProcessMemory a été effectuée. (0x12B)
[0114/115825.057:WARNING:pe_image_reader.cc(340)] could not read dos header from C:\WINDOWS\System32\sechost.dll
[0114/115825.057:ERROR:process_memory_win.cc(73)] ReadMemory at 0x7ff9f73b0000 of 64 bytes failed: Seule une partie d’une requête ReadProcessMemory ou WriteProcessMemory a été effectuée. (0x12B)
[0114/115825.057:WARNING:pe_image_reader.cc(340)] could not read dos header from C:\WINDOWS\System32\RPCRT4.dll
[0114/115825.057:ERROR:process_memory_win.cc(73)] ReadMemory at 0x7ff99d330000 of 64 bytes failed: Seule une partie d’une requête ReadProcessMemory ou WriteProcessMemory a été effectuée. (0x12B)
[0114/115825.057:WARNING:pe_image_reader.cc(340)] could not read dos header from C:\Program Files (x86)\Google\Chrome\Application\79.0.3945.117\chrome_child.dll
[0114/115825.057:ERROR:process_memory_win.cc(73)] ReadMemory at 0x7ff9f7b70000 of 64 bytes failed: Seule une partie d’une requête ReadProcessMemory ou WriteProcessMemory a été effectuée. (0x12B)
[0114/115825.057:WARNING:pe_image_reader.cc(340)] could not read dos header from C:\WINDOWS\System32\OLEAUT32.dll
[0114/115825.057:ERROR:process_memory_win.cc(73)] ReadMemory at 0x7ff9f6d10000 of 64 bytes failed: Seule une partie d’une requête ReadProcessMemory ou WriteProcessMemory a été effectuée. (0x12B)
[0114/115825.057:WARNING:pe_image_reader.cc(340)] could not read dos header from C:\WINDOWS\System32\msvcp_win.dll
[0114/115825.057:ERROR:process_memory_win.cc(73)] ReadMemory at 0x7ff9f6db0000 of 64 bytes failed: Seule une partie d’une requête ReadProcessMemory ou WriteProcessMemory a été effectuée. (0x12B)
[0114/115825.057:WARNING:pe_image_reader.cc(340)] could not read dos header from C:\WINDOWS\System32\ucrtbase.dll
[0114/115825.057:ERROR:process_memory_win.cc(73)] ReadMemory at 0x7ff9f94b0000 of 64 bytes failed: Seule une partie d’une requête ReadProcessMemory ou WriteProcessMemory a été effectuée. (0x12B)
[0114/115825.057:WARNING:pe_image_reader.cc(340)] could not read dos header from C:\WINDOWS\System32\combase.dll
[0114/115825.057:ERROR:process_memory_win.cc(73)] ReadMemory at 0x7ff9f7cb0000 of 64 bytes failed: Seule une partie d’une requête ReadProcessMemory ou WriteProcessMemory a été effectuée. (0x12B)
[0114/115825.057:WARNING:pe_image_reader.cc(340)] could not read dos header from C:\WINDOWS\System32\WS2_32.dll
[0114/115825.057:ERROR:process_memory_win.cc(73)] ReadMemory at 0x7ff9f6920000 of 64 bytes failed: Seule une partie d’une requête ReadProcessMemory ou WriteProcessMemory a été effectuée. (0x12B)
[0114/115825.057:WARNING:pe_image_reader.cc(340)] could not read dos header from C:\WINDOWS\System32\WINTRUST.dll
[0114/115825.057:ERROR:process_memory_win.cc(73)] ReadMemory at 0x7ff9f5d60000 of 64 bytes failed: Seule une partie d’une requête ReadProcessMemory ou WriteProcessMemory a été effectuée. (0x12B)
[0114/115825.057:WARNING:pe_image_reader.cc(340)] could not read dos header from C:\WINDOWS\System32\MSASN1.dll
[0114/115825.057:ERROR:process_memory_win.cc(73)] ReadMemory at 0x7ff9f5da0000 of 64 bytes failed: Seule une partie d’une requête ReadProcessMemory ou WriteProcessMemory a été effectuée. (0x12B)
[0114/115825.057:WARNING:pe_image_reader.cc(340)] could not read dos header from C:\WINDOWS\System32\CRYPT32.dll
[0114/115825.057:ERROR:process_memory_win.cc(73)] ReadMemory at 0x7ff9f5240000 of 64 bytes failed: Seule une partie d’une requête ReadProcessMemory ou WriteProcessMemory a été effectuée. (0x12B)
[0114/115825.057:WARNING:pe_image_reader.cc(340)] could not read dos header from C:\WINDOWS\SYSTEM32\IPHLPAPI.DLL
[0114/115825.057:ERROR:process_memory_win.cc(73)] ReadMemory at 0x7ff9ec6a0000 of 64 bytes failed: Seule une partie d’une requête ReadProcessMemory ou WriteProcessMemory a été effectuée. (0x12B)
[0114/115825.057:WARNING:pe_image_reader.cc(340)] could not read dos header from C:\WINDOWS\SYSTEM32\WINMM.dll
[0114/115825.057:ERROR:process_memory_win.cc(73)] ReadMemory at 0x7ff9f5be0000 of 64 bytes failed: Seule une partie d’une requête ReadProcessMemory ou WriteProcessMemory a été effectuée. (0x12B)
[0114/115825.057:WARNING:pe_image_reader.cc(340)] could not read dos header from C:\WINDOWS\SYSTEM32\USERENV.dll
[0114/115825.057:ERROR:process_memory_win.cc(73)] ReadMemory at 0x7ff9f5d30000 of 64 bytes failed: Seule une partie d’une requête ReadProcessMemory ou WriteProcessMemory a été effectuée. (0x12B)
[0114/115825.057:WARNING:pe_image_reader.cc(340)] could not read dos header from C:\WINDOWS\System32\profapi.dll
[0114/115825.057:ERROR:process_memory_win.cc(73)] ReadMemory at 0x7ff9e1580000 of 64 bytes failed: Seule une partie d’une requête ReadProcessMemory ou WriteProcessMemory a été effectuée. (0x12B)
[0114/115825.057:WARNING:pe_image_reader.cc(340)] could not read dos header from C:\WINDOWS\SYSTEM32\DWrite.dll
[0114/115825.057:ERROR:process_memory_win.cc(73)] ReadMemory at 0x7ff9e9a00000 of 64 bytes failed: Seule une partie d’une requête ReadProcessMemory ou WriteProcessMemory a été effectuée. (0x12B)
[0114/115825.057:WARNING:pe_image_reader.cc(340)] could not read dos header from C:\WINDOWS\SYSTEM32\WINSPOOL.DRV
[0114/115825.057:ERROR:process_memory_win.cc(73)] ReadMemory at 0x7ff9f5cb0000 of 64 bytes failed: Seule une partie d’une requête ReadProcessMemory ou WriteProcessMemory a été effectuée. (0x12B)
[0114/115825.057:WARNING:pe_image_reader.cc(340)] could not read dos header from C:\WINDOWS\System32\kernel.appcore.dll
[0114/115825.057:ERROR:process_memory_win.cc(73)] ReadMemory at 0x7ff9f6eb0000 of 64 bytes failed: Seule une partie d’une requête ReadProcessMemory ou WriteProcessMemory a été effectuée. (0x12B)
[0114/115825.057:WARNING:pe_image_reader.cc(340)] could not read dos header from C:\WINDOWS\System32\bcrypt.dll
[0114/115825.057:ERROR:process_memory_win.cc(73)] ReadMemory at 0x7ff9ef3b0000 of 64 bytes failed: Seule une partie d’une requête ReadProcessMemory ou WriteProcessMemory a été effectuée. (0x12B)
[0114/115825.057:WARNING:pe_image_reader.cc(340)] could not read dos header from C:\WINDOWS\SYSTEM32\dbghelp.dll
[0114/115825.057:ERROR:process_memory_win.cc(73)] ReadMemory at 0x7ff9ea6a0000 of 64 bytes failed: Seule une partie d’une requête ReadProcessMemory ou WriteProcessMemory a été effectuée. (0x12B)
[0114/115825.057:WARNING:pe_image_reader.cc(340)] could not read dos header from C:\WINDOWS\SYSTEM32\Secur32.dll
[0114/115825.058:ERROR:process_memory_win.cc(73)] ReadMemory at 0x7ff9ec310000 of 64 bytes failed: Seule une partie d’une requête ReadProcessMemory ou WriteProcessMemory a été effectuée. (0x12B)
[0114/115825.058:WARNING:pe_image_reader.cc(340)] could not read dos header from C:\WINDOWS\SYSTEM32\WINHTTP.dll
[0114/115825.058:ERROR:process_memory_win.cc(73)] ReadMemory at 0x7ff9f0a20000 of 64 bytes failed: Seule une partie d’une requête ReadProcessMemory ou WriteProcessMemory a été effectuée. (0x12B)
[0114/115825.058:WARNING:pe_image_reader.cc(340)] could not read dos header from C:\WINDOWS\SYSTEM32\dhcpcsvc.DLL
[0114/115825.058:ERROR:process_memory_win.cc(73)] ReadMemory at 0x7ff9f7ca0000 of 64 bytes failed: Seule une partie d’une requête ReadProcessMemory ou WriteProcessMemory a été effectuée. (0x12B)
[0114/115825.058:WARNING:pe_image_reader.cc(340)] could not read dos header from C:\WINDOWS\System32\NSI.dll
[0114/115825.058:ERROR:process_memory_win.cc(73)] ReadMemory at 0x7ff9eb7c0000 of 64 bytes failed: Seule une partie d’une requête ReadProcessMemory ou WriteProcessMemory a été effectuée. (0x12B)
[0114/115825.058:WARNING:pe_image_reader.cc(340)] could not read dos header from C:\WINDOWS\SYSTEM32\WINMMBASE.dll
[0114/115825.058:ERROR:process_memory_win.cc(73)] ReadMemory at 0x7ff9f6a20000 of 64 bytes failed: Seule une partie d’une requête ReadProcessMemory ou WriteProcessMemory a été effectuée. (0x12B)
[0114/115825.058:WARNING:pe_image_reader.cc(340)] could not read dos header from C:\WINDOWS\System32\cfgmgr32.dll
[0114/115825.058:ERROR:process_memory_win.cc(73)] ReadMemory at 0x7ff9f27d0000 of 64 bytes failed: Seule une partie d’une requête ReadProcessMemory ou WriteProcessMemory a été effectuée. (0x12B)
[0114/115825.058:WARNING:pe_image_reader.cc(340)] could not read dos header from C:\WINDOWS\SYSTEM32\PROPSYS.dll
[0114/115825.058:ERROR:process_memory_win.cc(73)] ReadMemory at 0x7ff9f7100000 of 64 bytes failed: Seule une partie d’une requête ReadProcessMemory ou WriteProcessMemory a été effectuée. (0x12B)
[0114/115825.058:WARNING:pe_image_reader.cc(340)] could not read dos header from C:\WINDOWS\System32\shcore.dll
[0114/115825.058:ERROR:process_memory_win.cc(73)] ReadMemory at 0x7ff9f5bb0000 of 64 bytes failed: Seule une partie d’une requête ReadProcessMemory ou WriteProcessMemory a été effectuée. (0x12B)
[0114/115825.058:WARNING:pe_image_reader.cc(340)] could not read dos header from C:\WINDOWS\SYSTEM32\SSPICLI.DLL
[0114/115825.058:ERROR:process_memory_win.cc(73)] ReadMemory at 0x7ff9f56f0000 of 64 bytes failed: Seule une partie d’une requête ReadProcessMemory ou WriteProcessMemory a été effectuée. (0x12B)
[0114/115825.058:WARNING:pe_image_reader.cc(340)] could not read dos header from C:\WINDOWS\SYSTEM32\CRYPTBASE.DLL
[0114/115825.063:ERROR:process_memory_win.cc(73)] ReadMemory at 0xae09ef000 of 69632 bytes failed: Seule une partie d’une requête ReadProcessMemory ou WriteProcessMemory a été effectuée. (0x12B)
[0114/115825.064:ERROR:process_memory_win.cc(73)] ReadMemory at 0xae11fd000 of 12288 bytes failed: Seule une partie d’une requête ReadProcessMemory ou WriteProcessMemory a été effectuée. (0x12B)
[0114/115825.064:ERROR:process_memory_win.cc(73)] ReadMemory at 0xae19fc000 of 16384 bytes failed: Seule une partie d’une requête ReadProcessMemory ou WriteProcessMemory a été effectuée. (0x12B)
[0114/115825.064:ERROR:process_memory_win.cc(73)] ReadMemory at 0xae21fc000 of 16384 bytes failed: Seule une partie d’une requête ReadProcessMemory ou WriteProcessMemory a été effectuée. (0x12B)
[0114/115825.064:ERROR:process_memory_win.cc(73)] ReadMemory at 0xae29fc000 of 16384 bytes failed: Seule une partie d’une requête ReadProcessMemory ou WriteProcessMemory a été effectuée. (0x12B)
[0114/115825.064:ERROR:process_memory_win.cc(73)] ReadMemory at 0xae31fe000 of 8192 bytes failed: Seule une partie d’une requête ReadProcessMemory ou WriteProcessMemory a été effectuée. (0x12B)
[0114/115825.064:ERROR:process_memory_win.cc(73)] ReadMemory at 0xae39fd000 of 12288 bytes failed: Seule une partie d’une requête ReadProcessMemory ou WriteProcessMemory a été effectuée. (0x12B)
[0114/115825.064:ERROR:process_memory_win.cc(73)] ReadMemory at 0xae41fb000 of 20480 bytes failed: Seule une partie d’une requête ReadProcessMemory ou WriteProcessMemory a été effectuée. (0x12B)
[0114/115825.064:ERROR:process_memory_win.cc(73)] ReadMemory at 0xae49fd000 of 12288 bytes failed: Seule une partie d’une requête ReadProcessMemory ou WriteProcessMemory a été effectuée. (0x12B)
[0114/115825.064:ERROR:process_memory_win.cc(73)] ReadMemory at 0xae51fd000 of 12288 bytes failed: Seule une partie d’une requête ReadProcessMemory ou WriteProcessMemory a été effectuée. (0x12B)
[0114/115825.064:ERROR:process_memory_win.cc(73)] ReadMemory at 0xae59fd000 of 12288 bytes failed: Seule une partie d’une requête ReadProcessMemory ou WriteProcessMemory a été effectuée. (0x12B)
[0114/115825.064:ERROR:process_memory_win.cc(73)] ReadMemory at 0xae61fd000 of 12288 bytes failed: Seule une partie d’une requête ReadProcessMemory ou WriteProcessMemory a été effectuée. (0x12B)
[0114/115825.064:ERROR:process_memory_win.cc(73)] ReadMemory at 0xae69fd000 of 12288 bytes failed: Seule une partie d’une requête ReadProcessMemory ou WriteProcessMemory a été effectuée. (0x12B)
[0114/115825.064:ERROR:process_memory_win.cc(73)] ReadMemory at 0xae71fd000 of 12288 bytes failed: Seule une partie d’une requête ReadProcessMemory ou WriteProcessMemory a été effectuée. (0x12B)
[0114/115825.064:ERROR:process_memory_win.cc(73)] ReadMemory at 0xae79fd000 of 12288 bytes failed: Seule une partie d’une requête ReadProcessMemory ou WriteProcessMemory a été effectuée. (0x12B)
[0114/115825.066:ERROR:process_memory_win.cc(73)] ReadMemory at 0xae81fd000 of 12288 bytes failed: Seule une partie d’une requête ReadProcessMemory ou WriteProcessMemory a été effectuée. (0x12B)
[0114/115825.066:ERROR:process_memory_win.cc(73)] ReadMemory at 0xae00e7000 of 852 bytes failed: Seule une partie d’une requête ReadProcessMemory ou WriteProcessMemory a été effectuée. (0x12B)
[0114/115825.066:ERROR:process_memory_win.cc(73)] ReadMemory at 0xae00e8000 of 6024 bytes failed: Seule une partie d’une requête ReadProcessMemory ou WriteProcessMemory a été effectuée. (0x12B)
[0114/115825.066:ERROR:process_memory_win.cc(73)] ReadMemory at 0xae00ea000 of 6024 bytes failed: Seule une partie d’une requête ReadProcessMemory ou WriteProcessMemory a été effectuée. (0x12B)
[0114/115825.066:ERROR:process_memory_win.cc(73)] ReadMemory at 0xae00ec000 of 6024 bytes failed: Seule une partie d’une requête ReadProcessMemory ou WriteProcessMemory a été effectuée. (0x12B)
[0114/115825.066:ERROR:process_memory_win.cc(73)] ReadMemory at 0xae00ee000 of 6024 bytes failed: Seule une partie d’une requête ReadProcessMemory ou WriteProcessMemory a été effectuée. (0x12B)
[0114/115825.066:ERROR:process_memory_win.cc(73)] ReadMemory at 0xae00f0000 of 6024 bytes failed: Seule une partie d’une requête ReadProcessMemory ou WriteProcessMemory a été effectuée. (0x12B)
[0114/115825.066:ERROR:process_memory_win.cc(73)] ReadMemory at 0xae00f2000 of 6024 bytes failed: Seule une partie d’une requête ReadProcessMemory ou WriteProcessMemory a été effectuée. (0x12B)
[0114/115825.066:ERROR:process_memory_win.cc(73)] ReadMemory at 0xae00f4000 of 6024 bytes failed: Seule une partie d’une requête ReadProcessMemory ou WriteProcessMemory a été effectuée. (0x12B)
[0114/115825.066:ERROR:process_memory_win.cc(73)] ReadMemory at 0xae00f6000 of 6024 bytes failed: Seule une partie d’une requête ReadProcessMemory ou WriteProcessMemory a été effectuée. (0x12B)
[0114/115825.067:ERROR:process_memory_win.cc(73)] ReadMemory at 0xae00f8000 of 6024 bytes failed: Seule une partie d’une requête ReadProcessMemory ou WriteProcessMemory a été effectuée. (0x12B)
[0114/115825.067:ERROR:process_memory_win.cc(73)] ReadMemory at 0xae00fa000 of 6024 bytes failed: Seule une partie d’une requête ReadProcessMemory ou WriteProcessMemory a été effectuée. (0x12B)
[0114/115825.067:ERROR:process_memory_win.cc(73)] ReadMemory at 0xae00fc000 of 6024 bytes failed: Seule une partie d’une requête ReadProcessMemory ou WriteProcessMemory a été effectuée. (0x12B)
[0114/115825.067:ERROR:process_memory_win.cc(73)] ReadMemory at 0xae00fe000 of 6024 bytes failed: Seule une partie d’une requête ReadProcessMemory ou WriteProcessMemory a été effectuée. (0x12B)
[0114/115825.067:ERROR:process_memory_win.cc(73)] ReadMemory at 0xae0100000 of 6024 bytes failed: Seule une partie d’une requête ReadProcessMemory ou WriteProcessMemory a été effectuée. (0x12B)
[0114/115825.067:ERROR:process_memory_win.cc(73)] ReadMemory at 0xae0102000 of 6024 bytes failed: Seule une partie d’une requête ReadProcessMemory ou WriteProcessMemory a été effectuée. (0x12B)
[0114/115825.067:ERROR:process_memory_win.cc(73)] ReadMemory at 0xae0104000 of 6024 bytes failed: Seule une partie d’une requête ReadProcessMemory ou WriteProcessMemory a été effectuée. (0x12B)
[0114/115825.068:ERROR:process_memory_win.cc(73)] ReadMemory at 0xae0106000 of 6024 bytes failed: Seule une partie d’une requête ReadProcessMemory ou WriteProcessMemory a été effectuée. (0x12B)
[0114/115825.068:ERROR:process_memory_win.cc(73)] ReadMemory at 0x17d54dc0fe0 of 6226 bytes failed: Seule une partie d’une requête ReadProcessMemory ou WriteProcessMemory a été effectuée. (0x12B)
[0114/115825.068:ERROR:process_memory_win.cc(73)] ReadMemory at 0x17d54dc2840 of 1012 bytes failed: Seule une partie d’une requête ReadProcessMemory ou WriteProcessMemory a été effectuée. (0x12B)
[0114/115825.068:ERROR:process_memory_win.cc(73)] ReadMemory at 0x17d54dc2e68 of 118 bytes failed: Seule une partie d’une requête ReadProcessMemory ou WriteProcessMemory a été effectuée. (0x12B)
[0114/115825.068:ERROR:process_memory_win.cc(73)] ReadMemory at 0x17d54dc2ee0 of 944 bytes failed: Seule une partie d’une requête ReadProcessMemory ou WriteProcessMemory a été effectuée. (0x12B)
[0114/115825.068:ERROR:process_memory_win.cc(73)] ReadMemory at 0x17d54dc3292 of 118 bytes failed: Seule une partie d’une requête ReadProcessMemory ou WriteProcessMemory a été effectuée. (0x12B)
[0114/115825.068:ERROR:process_memory_win.cc(73)] ReadMemory at 0x17d54dc330a of 102 bytes failed: Seule une partie d’une requête ReadProcessMemory ou WriteProcessMemory a été effectuée. (0x12B)
[0114/115825.068:ERROR:process_memory_win.cc(73)] ReadMemory at 0x17d54dc3380 of 58 bytes failed: Seule une partie d’une requête ReadProcessMemory ou WriteProcessMemory a été effectuée. (0x12B)
[0114/115825.068:ERROR:process_memory_win.cc(73)] ReadMemory at 0x17d54dc3480 of 132 bytes failed: Seule une partie d’une requête ReadProcessMemory ou WriteProcessMemory a été effectuée. (0x12B)
[0114/115825.068:ERROR:process_memory_win.cc(73)] ReadMemory at 0x17d54dc3610 of 132 bytes failed: Seule une partie d’une requête ReadProcessMemory ou WriteProcessMemory a été effectuée. (0x12B)
[0114/115825.068:ERROR:process_memory_win.cc(73)] ReadMemory at 0x17d54dc37d0 of 126 bytes failed: Seule une partie d’une requête ReadProcessMemory ou WriteProcessMemory a été effectuée. (0x12B)
[0114/115825.068:ERROR:process_memory_win.cc(73)] ReadMemory at 0x17d54dc3bb0 of 132 bytes failed: Seule une partie d’une requête ReadProcessMemory ou WriteProcessMemory a été effectuée. (0x12B)
[0114/115825.068:ERROR:process_memory_win.cc(73)] ReadMemory at 0x17d54dc3d40 of 64 bytes failed: Seule une partie d’une requête ReadProcessMemory ou WriteProcessMemory a été effectuée. (0x12B)
[0114/115825.068:ERROR:process_memory_win.cc(73)] ReadMemory at 0x17d54dc3d90 of 132 bytes failed: Seule une partie d’une requête ReadProcessMemory ou WriteProcessMemory a été effectuée. (0x12B)
[0114/115825.068:ERROR:process_memory_win.cc(73)] ReadMemory at 0x17d54dc3f00 of 132 bytes failed: Seule une partie d’une requête ReadProcessMemory ou WriteProcessMemory a été effectuée. (0x12B)
[0114/115825.069:ERROR:process_memory_win.cc(73)] ReadMemory at 0x17d54dc41a0 of 132 bytes failed: Seule une partie d’une requête ReadProcessMemory ou WriteProcessMemory a été effectuée. (0x12B)
[0114/115825.069:ERROR:process_memory_win.cc(73)] ReadMemory at 0x17d54dc4330 of 68 bytes failed: Seule une partie d’une requête ReadProcessMemory ou WriteProcessMemory a été effectuée. (0x12B)
[0114/115825.069:ERROR:process_memory_win.cc(73)] ReadMemory at 0x17d54dc5350 of 132 bytes failed: Seule une partie d’une requête ReadProcessMemory ou WriteProcessMemory a été effectuée. (0x12B)
[0114/115825.069:ERROR:process_memory_win.cc(73)] ReadMemory at 0x17d54dc54e0 of 154 bytes failed: Seule une partie d’une requête ReadProcessMemory ou WriteProcessMemory a été effectuée. (0x12B)
[0114/115825.069:ERROR:process_memory_win.cc(73)] ReadMemory at 0x17d54dc7950 of 62 bytes failed: Seule une partie d’une requête ReadProcessMemory ou WriteProcessMemory a été effectuée. (0x12B)
[0114/115825.069:ERROR:process_memory_win.cc(73)] ReadMemory at 0x17d54dc79d0 of 158 bytes failed: Seule une partie d’une requête ReadProcessMemory ou WriteProcessMemory a été effectuée. (0x12B)
[0114/115825.069:ERROR:process_memory_win.cc(73)] ReadMemory at 0x17d54dc7ab0 of 132 bytes failed: Seule une partie d’une requête ReadProcessMemory ou WriteProcessMemory a été effectuée. (0x12B)
[0114/115825.069:ERROR:process_memory_win.cc(73)] ReadMemory at 0x17d54dc7c40 of 60 bytes failed: Seule une partie d’une requête ReadProcessMemory ou WriteProcessMemory a été effectuée. (0x12B)
[0114/115825.069:ERROR:process_memory_win.cc(73)] ReadMemory at 0x17d54dcb200 of 132 bytes failed: Seule une partie d’une requête ReadProcessMemory ou WriteProcessMemory a été effectuée. (0x12B)
[0114/115825.069:ERROR:process_memory_win.cc(73)] ReadMemory at 0x17d54dcb330 of 132 bytes failed: Seule une partie d’une requête ReadProcessMemory ou WriteProcessMemory a été effectuée. (0x12B)
[0114/115825.069:ERROR:process_memory_win.cc(73)] ReadMemory at 0x17d54dcb4c0 of 80 bytes failed: Seule une partie d’une requête ReadProcessMemory ou WriteProcessMemory a été effectuée. (0x12B)
[0114/115825.069:ERROR:process_memory_win.cc(73)] ReadMemory at 0x17d54dcb660 of 64 bytes failed: Seule une partie d’une requête ReadProcessMemory ou WriteProcessMemory a été effectuée. (0x12B)
[0114/115825.069:ERROR:process_memory_win.cc(73)] ReadMemory at 0x17d54dcb700 of 64 bytes failed: Seule une partie d’une requête ReadProcessMemory ou WriteProcessMemory a été effectuée. (0x12B)
[0114/115825.069:ERROR:process_memory_win.cc(73)] ReadMemory at 0x17d54dcba20 of 60 bytes failed: Seule une partie d’une requête ReadProcessMemory ou WriteProcessMemory a été effectuée. (0x12B)
[0114/115825.069:ERROR:process_memory_win.cc(73)] ReadMemory at 0x17d54dcba70 of 62 bytes failed: Seule une partie d’une requête ReadProcessMemory ou WriteProcessMemory a été effectuée. (0x12B)
[0114/115825.069:ERROR:process_memory_win.cc(73)] ReadMemory at 0x17d54dcbc00 of 64 bytes failed: Seule une partie d’une requête ReadProcessMemory ou WriteProcessMemory a été effectuée. (0x12B)
[0114/115825.069:ERROR:process_memory_win.cc(73)] ReadMemory at 0x17d54dcbc50 of 66 bytes failed: Seule une partie d’une requête ReadProcessMemory ou WriteProcessMemory a été effectuée. (0x12B)
[0114/115825.069:ERROR:process_memory_win.cc(73)] ReadMemory at 0x17d54dcbca0 of 64 bytes failed: Seule une partie d’une requête ReadProcessMemory ou WriteProcessMemory a été effectuée. (0x12B)
[0114/115825.069:ERROR:process_memory_win.cc(73)] ReadMemory at 0x17d54dcbd40 of 60 bytes failed: Seule une partie d’une requête ReadProcessMemory ou WriteProcessMemory a été effectuée. (0x12B)
[0114/115825.069:ERROR:process_memory_win.cc(73)] ReadMemory at 0x17d54dcbd90 of 62 bytes failed: Seule une partie d’une requête ReadProcessMemory ou WriteProcessMemory a été effectuée. (0x12B)
[0114/115825.069:ERROR:process_memory_win.cc(73)] ReadMemory at 0x17d54dcca50 of 76 bytes failed: Seule une partie d’une requête ReadProcessMemory ou WriteProcessMemory a été effectuée. (0x12B)
[0114/115825.070:ERROR:process_memory_win.cc(73)] ReadMemory at 0x17d54dcfdb0 of 54 bytes failed: Seule une partie d’une requête ReadProcessMemory ou WriteProcessMemory a été effectuée. (0x12B)
[0114/115825.070:ERROR:process_memory_win.cc(73)] ReadMemory at 0x17d54dd0610 of 132 bytes failed: Seule une partie d’une requête ReadProcessMemory ou WriteProcessMemory a été effectuée. (0x12B)
[0114/115825.070:ERROR:process_memory_win.cc(73)] ReadMemory at 0x17d54dd0740 of 132 bytes failed: Seule une partie d’une requête ReadProcessMemory ou WriteProcessMemory a été effectuée. (0x12B)
[0114/115825.070:ERROR:process_memory_win.cc(73)] ReadMemory at 0x17d54dd1010 of 132 bytes failed: Seule une partie d’une requête ReadProcessMemory ou WriteProcessMemory a été effectuée. (0x12B)
[0114/115825.070:ERROR:process_memory_win.cc(73)] ReadMemory at 0x17d54dd1140 of 132 bytes failed: Seule une partie d’une requête ReadProcessMemory ou WriteProcessMemory a été effectuée. (0x12B)
[0114/115825.070:ERROR:process_memory_win.cc(73)] ReadMemory at 0x17d54dd1670 of 132 bytes failed: Seule une partie d’une requête ReadProcessMemory ou WriteProcessMemory a été effectuée. (0x12B)
[0114/115825.070:ERROR:process_memory_win.cc(73)] ReadMemory at 0x17d54dd31b0 of 132 bytes failed: Seule une partie d’une requête ReadProcessMemory ou WriteProcessMemory a été effectuée. (0x12B)
[0114/115825.070:ERROR:process_memory_win.cc(73)] ReadMemory at 0x17d54dd3560 of 132 bytes failed: Seule une partie d’une requête ReadProcessMemory ou WriteProcessMemory a été effectuée. (0x12B)
[0114/115825.070:ERROR:process_memory_win.cc(73)] ReadMemory at 0x17d54dd5bc0 of 132 bytes failed: Seule une partie d’une requête ReadProcessMemory ou WriteProcessMemory a été effectuée. (0x12B)
[0114/115825.070:ERROR:process_memory_win.cc(73)] ReadMemory at 0x17d54dd5cf0 of 132 bytes failed: Seule une partie d’une requête ReadProcessMemory ou WriteProcessMemory a été effectuée. (0x12B)
[0114/115825.070:ERROR:process_memory_win.cc(73)] ReadMemory at 0x17d54dd5e20 of 132 bytes failed: Seule une partie d’une requête ReadProcessMemory ou WriteProcessMemory a été effectuée. (0x12B)
[0114/115825.070:ERROR:process_memory_win.cc(73)] ReadMemory at 0x17d54dd5f50 of 132 bytes failed: Seule une partie d’une requête ReadProcessMemory ou WriteProcessMemory a été effectuée. (0x12B)
[0114/115825.070:ERROR:process_memory_win.cc(73)] ReadMemory at 0x17d54dd6080 of 132 bytes failed: Seule une partie d’une requête ReadProcessMemory ou WriteProcessMemory a été effectuée. (0x12B)
[0114/115825.070:ERROR:process_memory_win.cc(73)] ReadMemory at 0x17d54dd61b0 of 132 bytes failed: Seule une partie d’une requête ReadProcessMemory ou WriteProcessMemory a été effectuée. (0x12B)
[0114/115825.070:ERROR:process_memory_win.cc(73)] ReadMemory at 0x17d54dd62e0 of 132 bytes failed: Seule une partie d’une requête ReadProcessMemory ou WriteProcessMemory a été effectuée. (0x12B)
[0114/115825.070:ERROR:process_memory_win.cc(73)] ReadMemory at 0x17d54dd6410 of 132 bytes failed: Seule une partie d’une requête ReadProcessMemory ou WriteProcessMemory a été effectuée. (0x12B)
[0114/115825.070:ERROR:process_memory_win.cc(73)] ReadMemory at 0x17d54dd6540 of 132 bytes failed: Seule une partie d’une requête ReadProcessMemory ou WriteProcessMemory a été effectuée. (0x12B)
[0114/115825.071:ERROR:process_memory_win.cc(73)] ReadMemory at 0x17d54dd67a0 of 132 bytes failed: Seule une partie d’une requête ReadProcessMemory ou WriteProcessMemory a été effectuée. (0x12B)
[0114/115825.071:ERROR:process_memory_win.cc(73)] ReadMemory at 0x17d54dd68d0 of 132 bytes failed: Seule une partie d’une requête ReadProcessMemory ou WriteProcessMemory a été effectuée. (0x12B)
[0114/115825.071:ERROR:process_memory_win.cc(73)] ReadMemory at 0x17d54dd6a00 of 132 bytes failed: Seule une partie d’une requête ReadProcessMemory ou WriteProcessMemory a été effectuée. (0x12B)
[0114/115825.071:ERROR:process_memory_win.cc(73)] ReadMemory at 0x17d54dd6ed0 of 60 bytes failed: Seule une partie d’une requête ReadProcessMemory ou WriteProcessMemory a été effectuée. (0x12B)
[0114/115825.071:ERROR:process_memory_win.cc(73)] ReadMemory at 0x17d54dd6f20 of 64 bytes failed: Seule une partie d’une requête ReadProcessMemory ou WriteProcessMemory a été effectuée. (0x12B)
[0114/115825.071:ERROR:process_memory_win.cc(73)] ReadMemory at 0x17d54dd7100 of 62 bytes failed: Seule une partie d’une requête ReadProcessMemory ou WriteProcessMemory a été effectuée. (0x12B)
[0114/115825.071:ERROR:process_memory_win.cc(73)] ReadMemory at 0x17d54dd7150 of 62 bytes failed: Seule une partie d’une requête ReadProcessMemory ou WriteProcessMemory a été effectuée. (0x12B)
[0114/115825.071:ERROR:process_memory_win.cc(73)] ReadMemory at 0x17d54dd7240 of 64 bytes failed: Seule une partie d’une requête ReadProcessMemory ou WriteProcessMemory a été effectuée. (0x12B)
[0114/115825.071:ERROR:process_memory_win.cc(73)] ReadMemory at 0x17d54dd72e0 of 64 bytes failed: Seule une partie d’une requête ReadProcessMemory ou WriteProcessMemory a été effectuée. (0x12B)
[0114/115825.071:ERROR:process_memory_win.cc(73)] ReadMemory at 0x17d54dd7330 of 62 bytes failed: Seule une partie d’une requête ReadProcessMemory ou WriteProcessMemory a été effectuée. (0x12B)
[0114/115825.071:ERROR:process_memory_win.cc(73)] ReadMemory at 0x17d54dd7380 of 66 bytes failed: Seule une partie d’une requête ReadProcessMemory ou WriteProcessMemory a été effectuée. (0x12B)
[0114/115825.071:ERROR:process_memory_win.cc(73)] ReadMemory at 0x17d54dd73d0 of 58 bytes failed: Seule une partie d’une requête ReadProcessMemory ou WriteProcessMemory a été effectuée. (0x12B)
[0114/115825.071:ERROR:process_memory_win.cc(73)] ReadMemory at 0x17d54dd7470 of 60 bytes failed: Seule une partie d’une requête ReadProcessMemory ou WriteProcessMemory a été effectuée. (0x12B)
[0114/115825.071:ERROR:process_memory_win.cc(73)] ReadMemory at 0x17d54dd7510 of 62 bytes failed: Seule une partie d’une requête ReadProcessMemory ou WriteProcessMemory a été effectuée. (0x12B)
[0114/115825.071:ERROR:process_memory_win.cc(73)] ReadMemory at 0x17d54dd7600 of 62 bytes failed: Seule une partie d’une requête ReadProcessMemory ou WriteProcessMemory a été effectuée. (0x12B)
[0114/115825.071:ERROR:process_memory_win.cc(73)] ReadMemory at 0x17d54dd76f0 of 60 bytes failed: Seule une partie d’une requête ReadProcessMemory ou WriteProcessMemory a été effectuée. (0x12B)
[0114/115825.071:ERROR:process_memory_win.cc(73)] ReadMemory at 0x17d54dd78d0 of 62 bytes failed: Seule une partie d’une requête ReadProcessMemory ou WriteProcessMemory a été effectuée. (0x12B)
[0114/115825.071:ERROR:process_memory_win.cc(73)] ReadMemory at 0x17d54dd7920 of 62 bytes failed: Seule une partie d’une requête ReadProcessMemory ou WriteProcessMemory a été effectuée. (0x12B)
[0114/115825.071:ERROR:process_memory_win.cc(73)] ReadMemory at 0x17d54dd79c0 of 64 bytes failed: Seule une partie d’une requête ReadProcessMemory ou WriteProcessMemory a été effectuée. (0x12B)
[0114/115825.072:ERROR:process_memory_win.cc(73)] ReadMemory at 0x17d54dd7b00 of 62 bytes failed: Seule une partie d’une requête ReadProcessMemory ou WriteProcessMemory a été effectuée. (0x12B)
[0114/115825.072:ERROR:process_memory_win.cc(73)] ReadMemory at 0x17d54dd7bf0 of 60 bytes failed: Seule une partie d’une requête ReadProcessMemory ou WriteProcessMemory a été effectuée. (0x12B)
[0114/115825.072:ERROR:process_memory_win.cc(73)] ReadMemory at 0x17d54dd9500 of 132 bytes failed: Seule une partie d’une requête ReadProcessMemory ou WriteProcessMemory a été effectuée. (0x12B)
[0114/115825.072:ERROR:process_memory_win.cc(73)] ReadMemory at 0x17d54dd9760 of 132 bytes failed: Seule une partie d’une requête ReadProcessMemory ou WriteProcessMemory a été effectuée. (0x12B)
[0114/115825.072:ERROR:process_memory_win.cc(73)] ReadMemory at 0x17d54dd99c0 of 132 bytes failed: Seule une partie d’une requête ReadProcessMemory ou WriteProcessMemory a été effectuée. (0x12B)
[0114/115825.072:ERROR:process_memory_win.cc(73)] ReadMemory at 0x17d54dd9af0 of 132 bytes failed: Seule une partie d’une requête ReadProcessMemory ou WriteProcessMemory a été effectuée. (0x12B)
[0114/115825.072:ERROR:process_memory_win.cc(73)] ReadMemory at 0x17d54dd9c20 of 132 bytes failed: Seule une partie d’une requête ReadProcessMemory ou WriteProcessMemory a été effectuée. (0x12B)
[0114/115825.072:ERROR:process_memory_win.cc(73)] ReadMemory at 0x17d54dd9fb0 of 132 bytes failed: Seule une partie d’une requête ReadProcessMemory ou WriteProcessMemory a été effectuée. (0x12B)
[0114/115825.072:ERROR:process_memory_win.cc(73)] ReadMemory at 0x17d54dda210 of 132 bytes failed: Seule une partie d’une requête ReadProcessMemory ou WriteProcessMemory a été effectuée. (0x12B)
[0114/115825.072:ERROR:process_memory_win.cc(73)] ReadMemory at 0x17d54ddab90 of 132 bytes failed: Seule une partie d’une requête ReadProcessMemory ou WriteProcessMemory a été effectuée. (0x12B)
[0114/115825.072:ERROR:process_memory_win.cc(73)] ReadMemory at 0x17d54ddacc0 of 132 bytes failed: Seule une partie d’une requête ReadProcessMemory ou WriteProcessMemory a été effectuée. (0x12B)
[0114/115825.072:ERROR:process_memory_win.cc(73)] ReadMemory at 0x17d54dedde0 of 512 bytes failed: Seule une partie d’une requête ReadProcessMemory ou WriteProcessMemory a été effectuée. (0x12B)
[0114/115825.072:ERROR:process_memory_win.cc(73)] ReadMemory at 0x17d54def560 of 512 bytes failed: Seule une partie d’une requête ReadProcessMemory ou WriteProcessMemory a été effectuée. (0x12B)
[0114/115825.072:ERROR:process_memory_win.cc(73)] ReadMemory at 0x17d5517e620 of 608 bytes failed: Seule une partie d’une requête ReadProcessMemory ou WriteProcessMemory a été effectuée. (0x12B)
[0114/115825.072:ERROR:process_memory_win.cc(73)] ReadMemory at 0x17d5518be30 of 512 bytes failed: Seule une partie d’une requête ReadProcessMemory ou WriteProcessMemory a été effectuée. (0x12B)
[0114/115825.073:ERROR:process_memory_win.cc(73)] ReadMemory at 0x17d55190430 of 512 bytes failed: Seule une partie d’une requête ReadProcessMemory ou WriteProcessMemory a été effectuée. (0x12B)
[0114/115825.073:ERROR:process_memory_win.cc(73)] ReadMemory at 0x17d55191650 of 512 bytes failed: Seule une partie d’une requête ReadProcessMemory ou WriteProcessMemory a été effectuée. (0x12B)
[0114/115825.073:ERROR:process_memory_win.cc(73)] ReadMemory at 0x17d551a9020 of 512 bytes failed: Seule une partie d’une requête ReadProcessMemory ou WriteProcessMemory a été effectuée. (0x12B)
[0114/115825.073:ERROR:process_memory_win.cc(73)] ReadMemory at 0x17d551cfa08 of 512 bytes failed: Seule une partie d’une requête ReadProcessMemory ou WriteProcessMemory a été effectuée. (0x12B)
[0114/115825.073:ERROR:process_memory_win.cc(73)] ReadMemory at 0x17d551d0668 of 512 bytes failed: Seule une partie d’une requête ReadProcessMemory ou WriteProcessMemory a été effectuée. (0x12B)
[0114/115825.073:ERROR:process_memory_win.cc(73)] ReadMemory at 0x17d551d09c8 of 944 bytes failed: Seule une partie d’une requête ReadProcessMemory ou WriteProcessMemory a été effectuée. (0x12B)
[0114/115825.073:ERROR:process_memory_win.cc(73)] ReadMemory at 0x17d551d0ff8 of 512 bytes failed: Seule une partie d’une requête ReadProcessMemory ou WriteProcessMemory a été effectuée. (0x12B)
[0114/115825.073:ERROR:process_memory_win.cc(73)] ReadMemory at 0x17d551df2c0 of 712 bytes failed: Seule une partie d’une requête ReadProcessMemory ou WriteProcessMemory a été effectuée. (0x12B)
[0114/115825.073:ERROR:process_memory_win.cc(73)] ReadMemory at 0x17d551e1f50 of 512 bytes failed: Seule une partie d’une requête ReadProcessMemory ou WriteProcessMemory a été effectuée. (0x12B)
[0114/115825.073:ERROR:process_memory_win.cc(73)] ReadMemory at 0x17d5714e840 of 512 bytes failed: Seule une partie d’une requête ReadProcessMemory ou WriteProcessMemory a été effectuée. (0x12B)
[0114/115825.073:ERROR:process_memory_win.cc(73)] ReadMemory at 0x17d576ecf90 of 512 bytes failed: Seule une partie d’une requête ReadProcessMemory ou WriteProcessMemory a été effectuée. (0x12B)
[0114/115825.073:ERROR:process_memory_win.cc(73)] ReadMemory at 0x4de0b7048810 of 512 bytes failed: Seule une partie d’une requête ReadProcessMemory ou WriteProcessMemory a été effectuée. (0x12B)
[0114/115825.073:ERROR:process_memory_win.cc(73)] ReadMemory at 0x7ff99d330000 of 384 bytes failed: Seule une partie d’une requête ReadProcessMemory ou WriteProcessMemory a été effectuée. (0x12B)
[0114/115825.074:ERROR:process_memory_win.cc(73)] ReadMemory at 0x7ff99e16801d of 512 bytes failed: Seule une partie d’une requête ReadProcessMemory ou WriteProcessMemory a été effectuée. (0x12B)
[0114/115825.074:ERROR:process_memory_win.cc(73)] ReadMemory at 0x7ff99edeef1c of 512 bytes failed: Seule une partie d’une requête ReadProcessMemory ou WriteProcessMemory a été effectuée. (0x12B)
[0114/115825.074:ERROR:process_memory_win.cc(73)] ReadMemory at 0x7ff99fbded41 of 512 bytes failed: Seule une partie d’une requête ReadProcessMemory ou WriteProcessMemory a été effectuée. (0x12B)
[0114/115825.074:ERROR:process_memory_win.cc(73)] ReadMemory at 0x7ff9a26a9ab0 of 512 bytes failed: Seule une partie d’une requête ReadProcessMemory ou WriteProcessMemory a été effectuée. (0x12B)
[0114/115825.074:ERROR:process_memory_win.cc(73)] ReadMemory at 0x7ff9f9d0ff00 of 512 bytes failed: Seule une partie d’une requête ReadProcessMemory ou WriteProcessMemory a été effectuée. (0x12B)
[0114/115825.074:ERROR:process_memory_win.cc(73)] ReadMemory at 0x7ff9f9d5f764 of 672 bytes failed: Seule une partie d’une requête ReadProcessMemory ou WriteProcessMemory a été effectuée. (0x12B)
[0114/115825.074:ERROR:process_memory_win.cc(73)] ReadMemory at 0x7ff9f9d5fd64 of 512 bytes failed: Seule une partie d’une requête ReadProcessMemory ou WriteProcessMemory a été effectuée. (0x12B)
[0114/115825.074:ERROR:process_memory_win.cc(73)] ReadMemory at 0x7ff9f9d62ff4 of 608 bytes failed: Seule une partie d’une requête ReadProcessMemory ou WriteProcessMemory a été effectuée. (0x12B)
[0114/115825.074:ERROR:process_memory_win.cc(73)] ReadMemory at 0x7ff9f9dec0c8 of 18 bytes failed: Seule une partie d’une requête ReadProcessMemory ou WriteProcessMemory a été effectuée. (0x12B)
[0114/115825.074:ERROR:process_memory_win.cc(73)] ReadMemory at 0x7ff9f9e1f4f8 of 40 bytes failed: Seule une partie d’une requête ReadProcessMemory ou WriteProcessMemory a été effectuée. (0x12B)
[0114/115825.075:ERROR:process_memory_win.cc(73)] ReadMemory at 0x7ff9f9e1f978 of 48 bytes failed: Seule une partie d’une requête ReadProcessMemory ou WriteProcessMemory a été effectuée. (0x12B)
[0114/115825.075:ERROR:process_memory_win.cc(73)] ReadMemory at 0x7ff9f9e253a0 of 64 bytes failed: Seule une partie d’une requête ReadProcessMemory ou WriteProcessMemory a été effectuée. (0x12B)
[0114/115825.078:ERROR:scoped_process_suspend.cc(40)] NtResumeProcess: Tentative d’accès à un processus en cours d’arrêt. (0xc000010a)
